<?xml version="1.0" encoding="UTF-8"?>
<!-- Generated by org.testng.reporters.JUnitReportReporter -->
<testsuite hostname="Abishek-Hari" failures="0" tests="1" name="com.testautomation.TestRunner.TestRunner" time="5.412" errors="0" timestamp="2023-08-23T00:12:35 IST" skipped="0">
  <testcase classname="com.testautomation.TestRunner.TestRunner" name="feature" time="5.412"/>
</testsuite> <!-- com.testautomation.TestRunner.TestRunner -->
