<?xml version="1.0" encoding="UTF-8"?>
<!-- Generated by org.testng.reporters.JUnitReportReporter -->
<testsuite hostname="Abishek-Hari" failures="0" tests="2" name="com.apiautomation.Tests.CaseStudyAPIAutomation" time="8.872" errors="0" timestamp="2023-08-23T00:12:35 IST" skipped="0">
  <testcase classname="com.apiautomation.Tests.CaseStudyAPIAutomation" name="CaseStudyAPIAutomationPositiveScenario" time="0.728"/>
  <testcase classname="com.apiautomation.Tests.CaseStudyAPIAutomation" name="CaseStudyAPIAutomationNegativeScenario" time="8.144"/>
</testsuite> <!-- com.apiautomation.Tests.CaseStudyAPIAutomation -->
