<?xml version="1.0" encoding="UTF-8"?>
<!-- Generated by org.testng.reporters.JUnitReportReporter -->
<testsuite hostname="Abishek-Hari" failures="0" tests="1" name="com.testautomation.TestRunner.TestRunner" time="4.736" errors="0" timestamp="2023-08-22T22:42:44 IST" skipped="0">
  <testcase classname="com.testautomation.TestRunner.TestRunner" name="feature" time="4.736"/>
</testsuite> <!-- com.testautomation.TestRunner.TestRunner -->
